<?xml version="1.0" encoding="UTF-8"?>
<!-- Generated by org.testng.reporters.JUnitReportReporter -->
<testsuite hostname="Kalidoss" failures="0" tests="1" name="Query.QuerypathParameters" time="4.284" errors="0" timestamp="2024-08-21T21:37:37 IST" skipped="0">
  <testcase classname="Query.QuerypathParameters" name="testQueryAndPathParameters" time="4.284"/>
  <system-out/>
</testsuite> <!-- Query.QuerypathParameters -->
