<?xml version="1.0" encoding="UTF-8"?>
<!-- Generated by org.testng.reporters.JUnitReportReporter -->
<testsuite hostname="Kalidoss" failures="0" tests="1" name="firsttry.httprequest" time="3.866" errors="0" timestamp="2024-09-24T11:15:24 IST" skipped="0">
  <testcase classname="firsttry.httprequest" name="getUser" time="3.866"/>
  <system-out/>
</testsuite> <!-- firsttry.httprequest -->
